<?xml version="1.0" encoding="UTF-8"?>
<!-- Generated by org.testng.reporters.JUnitReportReporter -->
<testsuite name="com.vitger.genric.lib.CreateVendor" tests="1" time="14.329" ignored="0" failures="0" timestamp="02 Sep 2019 10:53:23 GMT" skipped="0" hostname="Test-PC" errors="0">
  <testcase name="createVendorDetails" time="14.329" classname="com.vitger.genric.lib.CreateVendor"/>
</testsuite> <!-- com.vitger.genric.lib.CreateVendor -->
