<?xml version="1.0" encoding="UTF-8"?>
<!-- Generated by org.testng.reporters.JUnitReportReporter -->
<testsuite name="com.vitger.genric.lib.SapmleReports" tests="1" time="18.305" ignored="0" failures="0" timestamp="01 Sep 2019 19:52:20 GMT" skipped="0" hostname="Test-PC" errors="0">
  <testcase name="verifyHomePageTitle" time="18.305" classname="com.vitger.genric.lib.SapmleReports"/>
</testsuite> <!-- com.vitger.genric.lib.SapmleReports -->
