<?xml version="1.0" encoding="UTF-8"?>
<!-- Generated by org.testng.reporters.JUnitReportReporter -->
<testsuite name="com.vitger.genric.lib.CreateProduct" tests="1" time="26.275" ignored="0" failures="0" timestamp="02 Sep 2019 14:21:32 GMT" skipped="0" hostname="Test-PC" errors="0">
  <testcase name="createProductDetails" time="26.275" classname="com.vitger.genric.lib.CreateProduct"/>
</testsuite> <!-- com.vitger.genric.lib.CreateProduct -->
